2020-04-22 01:25:25,610 INFO notifyConnectTimeout:200

2020-04-22 01:25:25,611 INFO notifySocketTimeout:8000

2020-04-22 01:25:25,612 INFO isHealthCheck:true

2020-04-22 01:25:25,612 INFO maxHealthCheckFailCount:12

2020-04-22 01:25:25,612 INFO maxContent:10485760

2020-04-22 01:25:26,610 INFO Schema 'NACOS' already exists.

2020-04-22 01:25:26,671 INFO Table/View 'CONFIG_INFO' already exists in Schema 'NACOS'.

2020-04-22 01:25:26,722 INFO Table/View 'HIS_CONFIG_INFO' already exists in Schema 'NACOS'.

2020-04-22 01:25:26,745 INFO Table/View 'CONFIG_INFO_BETA' already exists in Schema 'NACOS'.

2020-04-22 01:25:26,754 INFO Table/View 'CONFIG_INFO_TAG' already exists in Schema 'NACOS'.

2020-04-22 01:25:26,763 INFO Table/View 'CONFIG_INFO_AGGR' already exists in Schema 'NACOS'.

2020-04-22 01:25:26,773 INFO Table/View 'APP_LIST' already exists in Schema 'NACOS'.

2020-04-22 01:25:26,782 INFO Table/View 'APP_CONFIGDATA_RELATION_SUBS' already exists in Schema 'NACOS'.

2020-04-22 01:25:26,792 INFO Table/View 'APP_CONFIGDATA_RELATION_PUBS' already exists in Schema 'NACOS'.

2020-04-22 01:25:26,801 INFO Table/View 'CONFIG_TAGS_RELATION' already exists in Schema 'NACOS'.

2020-04-22 01:25:26,815 INFO Table/View 'GROUP_CAPACITY' already exists in Schema 'NACOS'.

2020-04-22 01:25:26,824 INFO Table/View 'TENANT_CAPACITY' already exists in Schema 'NACOS'.

2020-04-22 01:25:26,836 INFO Table/View 'TENANT_INFO' already exists in Schema 'NACOS'.

2020-04-22 01:25:26,849 INFO Table/View 'USERS' already exists in Schema 'NACOS'.

2020-04-22 01:25:26,856 INFO Table/View 'ROLES' already exists in Schema 'NACOS'.

2020-04-22 01:25:26,946 INFO The statement was aborted because it would have caused a duplicate key value in a unique or primary key constraint or unique index identified by 'SQL200320231048870' defined on 'USERS'.

2020-04-22 01:25:27,086 WARN DumpService start

2020-04-22 01:25:27,092 INFO start clear all config-info.

2020-04-22 01:25:27,102 WARN clear all config-info failed.

2020-04-22 01:25:27,102 WARN clear all config-info-tenant failed.

2020-04-22 01:25:27,236 INFO start clear all config-info-beta.

2020-04-22 01:25:27,237 WARN clear all config-info-beta failed.

2020-04-22 01:25:27,237 WARN clear all config-info-beta-tenant failed.

2020-04-22 01:25:27,271 INFO start clear all config-info-tag.

2020-04-22 01:25:27,272 WARN clear all config-info-tag failed.

2020-04-22 01:25:27,272 WARN clear all config-info-tag-tenant failed.

2020-04-22 01:25:27,793 INFO ServerListService address-server port:8848

2020-04-22 01:25:27,794 INFO ADDRESS_SERVER_URL:http://jmenv.tbsite.net:8080/nacos/serverlist

2020-04-22 01:25:27,795 WARN [serverlist] updated to [192.168.1.5]

2020-04-22 16:59:50,829 INFO notifyConnectTimeout:200

2020-04-22 16:59:50,829 INFO notifySocketTimeout:8000

2020-04-22 16:59:50,829 INFO isHealthCheck:true

2020-04-22 16:59:50,829 INFO maxHealthCheckFailCount:12

2020-04-22 16:59:50,829 INFO maxContent:10485760

2020-04-22 16:59:51,746 INFO Schema 'NACOS' already exists.

2020-04-22 16:59:51,797 INFO Table/View 'CONFIG_INFO' already exists in Schema 'NACOS'.

2020-04-22 16:59:51,842 INFO Table/View 'HIS_CONFIG_INFO' already exists in Schema 'NACOS'.

2020-04-22 16:59:51,862 INFO Table/View 'CONFIG_INFO_BETA' already exists in Schema 'NACOS'.

2020-04-22 16:59:51,875 INFO Table/View 'CONFIG_INFO_TAG' already exists in Schema 'NACOS'.

2020-04-22 16:59:51,885 INFO Table/View 'CONFIG_INFO_AGGR' already exists in Schema 'NACOS'.

2020-04-22 16:59:51,894 INFO Table/View 'APP_LIST' already exists in Schema 'NACOS'.

2020-04-22 16:59:51,902 INFO Table/View 'APP_CONFIGDATA_RELATION_SUBS' already exists in Schema 'NACOS'.

2020-04-22 16:59:51,909 INFO Table/View 'APP_CONFIGDATA_RELATION_PUBS' already exists in Schema 'NACOS'.

2020-04-22 16:59:51,918 INFO Table/View 'CONFIG_TAGS_RELATION' already exists in Schema 'NACOS'.

2020-04-22 16:59:51,932 INFO Table/View 'GROUP_CAPACITY' already exists in Schema 'NACOS'.

2020-04-22 16:59:51,941 INFO Table/View 'TENANT_CAPACITY' already exists in Schema 'NACOS'.

2020-04-22 16:59:51,949 INFO Table/View 'TENANT_INFO' already exists in Schema 'NACOS'.

2020-04-22 16:59:51,962 INFO Table/View 'USERS' already exists in Schema 'NACOS'.

2020-04-22 16:59:51,969 INFO Table/View 'ROLES' already exists in Schema 'NACOS'.

2020-04-22 16:59:52,060 INFO The statement was aborted because it would have caused a duplicate key value in a unique or primary key constraint or unique index identified by 'SQL200320231048870' defined on 'USERS'.

2020-04-22 16:59:52,169 WARN DumpService start

2020-04-22 16:59:52,172 INFO start clear all config-info.

2020-04-22 16:59:52,178 WARN clear all config-info failed.

2020-04-22 16:59:52,178 WARN clear all config-info-tenant failed.

2020-04-22 16:59:52,336 INFO [all-dump] 32 / 32

2020-04-22 16:59:52,336 INFO start clear all config-info-beta.

2020-04-22 16:59:52,337 WARN clear all config-info-beta failed.

2020-04-22 16:59:52,337 WARN clear all config-info-beta-tenant failed.

2020-04-22 16:59:52,354 INFO start clear all config-info-tag.

2020-04-22 16:59:52,354 WARN clear all config-info-tag failed.

2020-04-22 16:59:52,354 WARN clear all config-info-tag-tenant failed.

2020-04-22 16:59:52,725 INFO ServerListService address-server port:8848

2020-04-22 16:59:52,725 INFO ADDRESS_SERVER_URL:http://jmenv.tbsite.net:8080/nacos/serverlist

2020-04-22 16:59:52,726 WARN [serverlist] updated to [192.168.1.5]

