2020-04-22 01:25:20,541 INFO Starting Nacos v1.1.4 on ls with PID 12536 (D:\nacos\target\nacos-server.jar started by LENOVO in D:\nacos\bin)

2020-04-22 01:25:20,544 INFO The following profiles are active: standalone

2020-04-22 01:25:22,916 INFO Bean 'org.springframework.security.config.annotation.configuration.ObjectPostProcessorConfiguration' of type [org.springframework.security.config.annotation.configuration.ObjectPostProcessorConfiguration$$EnhancerBySpringCGLIB$$bd514026] is not eligible for getting processed by all BeanPostProcessors (for example: not eligible for auto-proxying)

2020-04-22 01:25:23,024 INFO Bean 'objectPostProcessor' of type [org.springframework.security.config.annotation.configuration.AutowireBeanFactoryObjectPostProcessor] is not eligible for getting processed by all BeanPostProcessors (for example: not eligible for auto-proxying)

2020-04-22 01:25:23,027 INFO Bean 'org.springframework.security.access.expression.method.DefaultMethodSecurityExpressionHandler@70ed52de' of type [org.springframework.security.access.expression.method.DefaultMethodSecurityExpressionHandler] is not eligible for getting processed by all BeanPostProcessors (for example: not eligible for auto-proxying)

2020-04-22 01:25:23,031 INFO Bean 'org.springframework.security.config.annotation.method.configuration.GlobalMethodSecurityConfiguration' of type [org.springframework.security.config.annotation.method.configuration.GlobalMethodSecurityConfiguration$$EnhancerBySpringCGLIB$$e225e2d8] is not eligible for getting processed by all BeanPostProcessors (for example: not eligible for auto-proxying)

2020-04-22 01:25:23,037 INFO Bean 'methodSecurityMetadataSource' of type [org.springframework.security.access.method.DelegatingMethodSecurityMetadataSource] is not eligible for getting processed by all BeanPostProcessors (for example: not eligible for auto-proxying)

2020-04-22 01:25:24,107 INFO Tomcat initialized with port(s): 8848 (http)

2020-04-22 01:25:24,145 INFO Starting service [Tomcat]

2020-04-22 01:25:24,145 INFO Starting Servlet Engine: Apache Tomcat/9.0.13

2020-04-22 01:25:24,159 INFO The APR based Apache Tomcat Native library which allows optimal performance in production environments was not found on the java.library.path: [C:\Windows\jdk1.8.0_45\bin;C:\WINDOWS\Sun\Java\bin;C:\WINDOWS\system32;C:\WINDOWS;C:\ProgramData\Oracle\Java\javapath;C:\Windows\system32;C:\Windows;C:\Windows\System32\Wbem;C:\Windows\System32\WindowsPowerShell\v1.0\;C:\Windows\System32\OpenSSH\;C:\Program Files (x86)\NVIDIA Corporation\PhysX\Common;C:\Program Files\NVIDIA Corporation\NVIDIA NvDLISR;C:\WINDOWS\system32;C:\WINDOWS;C:\WINDOWS\System32\Wbem;C:\WINDOWS\System32\WindowsPowerShell\v1.0\;C:\WINDOWS\System32\OpenSSH\;D:\Maven\apache-maven-3.6.1\bin;D:\gtihub+hexo\Git\cmd;D:\node\;C:\Users\LENOVO\AppData\Local\Microsoft\WindowsApps;C:\Users\LENOVO\AppData\Local\Programs\Microsoft VS Code\bin;C:\Users\LENOVO\AppData\Local\GitHubDesktop\bin;D:\D:\Maven\apache-maven-3.6.1\bin;D:\Microsoft VS Code\bin;C:\Program Files\MongoDB\Server\4.2\bin;D:\reids;D:\node\node_global;D:\apache-jmeter-5.2.1\bin;"%jmeter\lib\ext\ApacheJMeter_core.jar;%JMETER_HOME%\lib\jorphan.jar;%JMETER_HOME%\lib\logkit-2.0.jar";;.]

2020-04-22 01:25:24,289 INFO Initializing Spring embedded WebApplicationContext

2020-04-22 01:25:24,290 INFO Root WebApplicationContext: initialization completed in 3701 ms

2020-04-22 01:25:27,945 INFO Use Mysql as the driver

2020-04-22 01:25:28,688 INFO Initializing ExecutorService 'applicationTaskExecutor'

2020-04-22 01:25:29,343 INFO Adding welcome page: class path resource [static/index.html]

2020-04-22 01:25:29,789 INFO Creating filter chain: Ant [pattern='/'], []

2020-04-22 01:25:29,789 INFO Creating filter chain: Ant [pattern='/**/*.css'], []

2020-04-22 01:25:29,792 INFO Creating filter chain: Ant [pattern='/**/*.js'], []

2020-04-22 01:25:29,793 INFO Creating filter chain: Ant [pattern='/**/*.html'], []

2020-04-22 01:25:29,793 INFO Creating filter chain: Ant [pattern='/**/*.map'], []

2020-04-22 01:25:29,794 INFO Creating filter chain: Ant [pattern='/**/*.svg'], []

2020-04-22 01:25:29,794 INFO Creating filter chain: Ant [pattern='/**/*.png'], []

2020-04-22 01:25:29,795 INFO Creating filter chain: Ant [pattern='/**/*.ico'], []

2020-04-22 01:25:29,795 INFO Creating filter chain: Ant [pattern='/console-fe/public/**'], []

2020-04-22 01:25:29,796 INFO Creating filter chain: Ant [pattern='/v1/auth/login'], []

2020-04-22 01:25:29,796 INFO Creating filter chain: Ant [pattern='/v1/console/health/**'], []

2020-04-22 01:25:29,797 INFO Creating filter chain: Ant [pattern='/v1/cs/**'], []

2020-04-22 01:25:29,798 INFO Creating filter chain: Ant [pattern='/v1/ns/**'], []

2020-04-22 01:25:29,798 INFO Creating filter chain: Ant [pattern='/v1/cmdb/**'], []

2020-04-22 01:25:29,799 INFO Creating filter chain: Ant [pattern='/actuator/**'], []

2020-04-22 01:25:29,801 INFO Creating filter chain: Ant [pattern='/v1/console/server/**'], []

2020-04-22 01:25:29,855 INFO Creating filter chain: any request, [org.springframework.security.web.context.request.async.WebAsyncManagerIntegrationFilter@3e5499cc, org.springframework.security.web.context.SecurityContextPersistenceFilter@2b5825fa, org.springframework.security.web.header.HeaderWriterFilter@207b8649, org.springframework.security.web.authentication.logout.LogoutFilter@f667fe, com.alibaba.nacos.console.filter.JwtAuthenticationTokenFilter@67ab1c47, org.springframework.security.web.savedrequest.RequestCacheAwareFilter@2cae1042, org.springframework.security.web.servletapi.SecurityContextHolderAwareRequestFilter@2262b621, org.springframework.security.web.authentication.AnonymousAuthenticationFilter@b78a709, org.springframework.security.web.session.SessionManagementFilter@34997338, org.springframework.security.web.access.ExceptionTranslationFilter@1698fc68, org.springframework.security.web.access.intercept.FilterSecurityInterceptor@183e8023]

2020-04-22 01:25:29,975 INFO Exposing 2 endpoint(s) beneath base path '/actuator'

2020-04-22 01:25:30,018 INFO Initializing ExecutorService 'taskScheduler'

2020-04-22 01:25:30,145 INFO Tomcat started on port(s): 8848 (http) with context path '/nacos'

2020-04-22 01:25:30,151 INFO Started Nacos in 10.898 seconds (JVM running for 11.385)

2020-04-22 01:25:30,152 INFO Nacos Log files: D:\nacos/logs/

2020-04-22 01:25:30,152 INFO Nacos Conf files: D:\nacos/conf/

2020-04-22 01:25:30,153 INFO Nacos Data files: D:\nacos/data/

2020-04-22 01:25:30,153 INFO Nacos started successfully in stand alone mode.

2020-04-22 01:25:32,960 INFO Initializing Spring DispatcherServlet 'dispatcherServlet'

2020-04-22 01:25:32,960 INFO Initializing Servlet 'dispatcherServlet'

2020-04-22 01:25:32,971 INFO Completed initialization in 10 ms

2020-04-22 01:27:05,266 INFO Expired JWT token.

2020-04-22 01:27:05,284 ERROR Responding with unauthorized error. Message - Full authentication is required to access this resource

2020-04-22 01:35:27,076 INFO [capacityManagement] start correct usage

2020-04-22 01:35:27,105 INFO [capacityManagement] end correct usage, cost: 0s

2020-04-22 01:35:27,349 WARN clearConfigHistory start

2020-04-22 01:35:27,354 WARN clearConfigHistory, getBeforeStamp:2020-03-23 01:35:27.0, totalCount:4, pageSize:1000, removeTime:1

2020-04-22 01:35:27,377 ERROR clearConfigHistory error

org.springframework.jdbc.UncategorizedSQLException: PreparedStatementCallback; uncategorized SQLException for SQL [delete from his_config_info where gmt_modified < ? OFFSET 0 ROWS FETCH NEXT ? ROWS ONLY]; SQL state [null]; error code [0]; Borrow prepareStatement from pool failed; nested exception is org.apache.commons.dbcp.SQLNestedException: Borrow prepareStatement from pool failed
	at org.springframework.jdbc.support.AbstractFallbackSQLExceptionTranslator.translate(AbstractFallbackSQLExceptionTranslator.java:89)
	at org.springframework.jdbc.support.AbstractFallbackSQLExceptionTranslator.translate(AbstractFallbackSQLExceptionTranslator.java:81)
	at org.springframework.jdbc.support.AbstractFallbackSQLExceptionTranslator.translate(AbstractFallbackSQLExceptionTranslator.java:81)
	at org.springframework.jdbc.core.JdbcTemplate.translateException(JdbcTemplate.java:1444)
	at org.springframework.jdbc.core.JdbcTemplate.execute(JdbcTemplate.java:632)
	at org.springframework.jdbc.core.JdbcTemplate.update(JdbcTemplate.java:862)
	at org.springframework.jdbc.core.JdbcTemplate.update(JdbcTemplate.java:917)
	at org.springframework.jdbc.core.JdbcTemplate.update(JdbcTemplate.java:927)
	at com.alibaba.nacos.config.server.utils.PaginationHelper.updateLimit(PaginationHelper.java:211)
	at com.alibaba.nacos.config.server.service.PersistService.removeConfigHistory(PersistService.java:934)
	at com.alibaba.nacos.config.server.service.PersistService$$FastClassBySpringCGLIB$$21ae4232.invoke(<generated>)
	at org.springframework.cglib.proxy.MethodProxy.invoke(MethodProxy.java:218)
	at org.springframework.aop.framework.CglibAopProxy$CglibMethodInvocation.invokeJoinpoint(CglibAopProxy.java:749)
	at org.springframework.aop.framework.ReflectiveMethodInvocation.proceed(ReflectiveMethodInvocation.java:163)
	at org.springframework.dao.support.PersistenceExceptionTranslationInterceptor.invoke(PersistenceExceptionTranslationInterceptor.java:139)
	at org.springframework.aop.framework.ReflectiveMethodInvocation.proceed(ReflectiveMethodInvocation.java:186)
	at org.springframework.aop.framework.CglibAopProxy$DynamicAdvisedInterceptor.intercept(CglibAopProxy.java:688)
	at com.alibaba.nacos.config.server.service.PersistService$$EnhancerBySpringCGLIB$$3559a4e7.removeConfigHistory(<generated>)
	at com.alibaba.nacos.config.server.service.dump.DumpService.lambda$init$2(DumpService.java:98)
	at com.alibaba.nacos.config.server.service.dump.DumpService$$Lambda$412/2131960182.run(Unknown Source)
	at java.util.concurrent.Executors$RunnableAdapter.call(Executors.java:511)
	at java.util.concurrent.FutureTask.runAndReset(FutureTask.java:308)
	at java.util.concurrent.ScheduledThreadPoolExecutor$ScheduledFutureTask.access$301(ScheduledThreadPoolExecutor.java:180)
	at java.util.concurrent.ScheduledThreadPoolExecutor$ScheduledFutureTask.run(ScheduledThreadPoolExecutor.java:294)
	at java.util.concurrent.ThreadPoolExecutor.runWorker(ThreadPoolExecutor.java:1142)
	at java.util.concurrent.ThreadPoolExecutor$Worker.run(ThreadPoolExecutor.java:617)
	at java.lang.Thread.run(Thread.java:745)
Caused by: org.apache.commons.dbcp.SQLNestedException: Borrow prepareStatement from pool failed
	at org.apache.commons.dbcp.PoolingConnection.prepareStatement(PoolingConnection.java:113)
	at org.apache.commons.dbcp.DelegatingConnection.prepareStatement(DelegatingConnection.java:281)
	at org.apache.commons.dbcp.PoolingDataSource$PoolGuardConnectionWrapper.prepareStatement(PoolingDataSource.java:313)
	at org.springframework.jdbc.core.JdbcTemplate$SimplePreparedStatementCreator.createPreparedStatement(JdbcTemplate.java:1557)
	at org.springframework.jdbc.core.JdbcTemplate.execute(JdbcTemplate.java:615)
	... 22 common frames omitted
Caused by: java.sql.SQLSyntaxErrorException: Syntax error: Encountered "OFFSET" at line 1, column 52.
	at org.apache.derby.impl.jdbc.SQLExceptionFactory40.getSQLException(Unknown Source)
	at org.apache.derby.impl.jdbc.Util.generateCsSQLException(Unknown Source)
	at org.apache.derby.impl.jdbc.TransactionResourceImpl.wrapInSQLException(Unknown Source)
	at org.apache.derby.impl.jdbc.TransactionResourceImpl.handleException(Unknown Source)
	at org.apache.derby.impl.jdbc.EmbedConnection.handleException(Unknown Source)
	at org.apache.derby.impl.jdbc.ConnectionChild.handleException(Unknown Source)
	at org.apache.derby.impl.jdbc.EmbedPreparedStatement.<init>(Unknown Source)
	at org.apache.derby.impl.jdbc.EmbedPreparedStatement20.<init>(Unknown Source)
	at org.apache.derby.impl.jdbc.EmbedPreparedStatement30.<init>(Unknown Source)
	at org.apache.derby.impl.jdbc.EmbedPreparedStatement40.<init>(Unknown Source)
	at org.apache.derby.impl.jdbc.EmbedPreparedStatement42.<init>(Unknown Source)
	at org.apache.derby.jdbc.Driver42.newEmbedPreparedStatement(Unknown Source)
	at org.apache.derby.impl.jdbc.EmbedConnection.prepareStatement(Unknown Source)
	at org.apache.derby.impl.jdbc.EmbedConnection.prepareStatement(Unknown Source)
	at org.apache.commons.dbcp.PoolingConnection.makeObject(PoolingConnection.java:285)
	at org.apache.commons.pool.impl.GenericKeyedObjectPool.borrowObject(GenericKeyedObjectPool.java:1220)
	at org.apache.commons.dbcp.PoolingConnection.prepareStatement(PoolingConnection.java:107)
	... 26 common frames omitted
Caused by: org.apache.derby.impl.jdbc.EmbedSQLException: Syntax error: Encountered "OFFSET" at line 1, column 52.
	at org.apache.derby.impl.jdbc.SQLExceptionFactory.getSQLException(Unknown Source)
	at org.apache.derby.impl.jdbc.SQLExceptionFactory40.wrapArgsForTransportAcrossDRDA(Unknown Source)
	... 43 common frames omitted
Caused by: org.apache.derby.iapi.error.StandardException: Syntax error: Encountered "OFFSET" at line 1, column 52.
	at org.apache.derby.iapi.error.StandardException.newException(Unknown Source)
	at org.apache.derby.impl.sql.compile.ParserImpl.parseStatement(Unknown Source)
	at org.apache.derby.impl.sql.GenericStatement.prepMinion(Unknown Source)
	at org.apache.derby.impl.sql.GenericStatement.prepare(Unknown Source)
	at org.apache.derby.impl.sql.conn.GenericLanguageConnectionContext.prepareInternalStatement(Unknown Source)
	... 37 common frames omitted
2020-04-22 01:45:27,107 INFO [capacityManagement] start correct usage

2020-04-22 01:45:27,108 INFO [capacityManagement] end correct usage, cost: 0s

2020-04-22 01:45:27,380 WARN clearConfigHistory start

2020-04-22 01:45:27,381 WARN clearConfigHistory, getBeforeStamp:2020-03-23 01:45:27.0, totalCount:4, pageSize:1000, removeTime:1

2020-04-22 01:45:27,386 ERROR clearConfigHistory error

org.springframework.jdbc.UncategorizedSQLException: PreparedStatementCallback; uncategorized SQLException for SQL [delete from his_config_info where gmt_modified < ? OFFSET 0 ROWS FETCH NEXT ? ROWS ONLY]; SQL state [null]; error code [0]; Borrow prepareStatement from pool failed; nested exception is org.apache.commons.dbcp.SQLNestedException: Borrow prepareStatement from pool failed
	at org.springframework.jdbc.support.AbstractFallbackSQLExceptionTranslator.translate(AbstractFallbackSQLExceptionTranslator.java:89)
	at org.springframework.jdbc.support.AbstractFallbackSQLExceptionTranslator.translate(AbstractFallbackSQLExceptionTranslator.java:81)
	at org.springframework.jdbc.support.AbstractFallbackSQLExceptionTranslator.translate(AbstractFallbackSQLExceptionTranslator.java:81)
	at org.springframework.jdbc.core.JdbcTemplate.translateException(JdbcTemplate.java:1444)
	at org.springframework.jdbc.core.JdbcTemplate.execute(JdbcTemplate.java:632)
	at org.springframework.jdbc.core.JdbcTemplate.update(JdbcTemplate.java:862)
	at org.springframework.jdbc.core.JdbcTemplate.update(JdbcTemplate.java:917)
	at org.springframework.jdbc.core.JdbcTemplate.update(JdbcTemplate.java:927)
	at com.alibaba.nacos.config.server.utils.PaginationHelper.updateLimit(PaginationHelper.java:211)
	at com.alibaba.nacos.config.server.service.PersistService.removeConfigHistory(PersistService.java:934)
	at com.alibaba.nacos.config.server.service.PersistService$$FastClassBySpringCGLIB$$21ae4232.invoke(<generated>)
	at org.springframework.cglib.proxy.MethodProxy.invoke(MethodProxy.java:218)
	at org.springframework.aop.framework.CglibAopProxy$CglibMethodInvocation.invokeJoinpoint(CglibAopProxy.java:749)
	at org.springframework.aop.framework.ReflectiveMethodInvocation.proceed(ReflectiveMethodInvocation.java:163)
	at org.springframework.dao.support.PersistenceExceptionTranslationInterceptor.invoke(PersistenceExceptionTranslationInterceptor.java:139)
	at org.springframework.aop.framework.ReflectiveMethodInvocation.proceed(ReflectiveMethodInvocation.java:186)
	at org.springframework.aop.framework.CglibAopProxy$DynamicAdvisedInterceptor.intercept(CglibAopProxy.java:688)
	at com.alibaba.nacos.config.server.service.PersistService$$EnhancerBySpringCGLIB$$3559a4e7.removeConfigHistory(<generated>)
	at com.alibaba.nacos.config.server.service.dump.DumpService.lambda$init$2(DumpService.java:98)
	at com.alibaba.nacos.config.server.service.dump.DumpService$$Lambda$412/2131960182.run(Unknown Source)
	at java.util.concurrent.Executors$RunnableAdapter.call(Executors.java:511)
	at java.util.concurrent.FutureTask.runAndReset(FutureTask.java:308)
	at java.util.concurrent.ScheduledThreadPoolExecutor$ScheduledFutureTask.access$301(ScheduledThreadPoolExecutor.java:180)
	at java.util.concurrent.ScheduledThreadPoolExecutor$ScheduledFutureTask.run(ScheduledThreadPoolExecutor.java:294)
	at java.util.concurrent.ThreadPoolExecutor.runWorker(ThreadPoolExecutor.java:1142)
	at java.util.concurrent.ThreadPoolExecutor$Worker.run(ThreadPoolExecutor.java:617)
	at java.lang.Thread.run(Thread.java:745)
Caused by: org.apache.commons.dbcp.SQLNestedException: Borrow prepareStatement from pool failed
	at org.apache.commons.dbcp.PoolingConnection.prepareStatement(PoolingConnection.java:113)
	at org.apache.commons.dbcp.DelegatingConnection.prepareStatement(DelegatingConnection.java:281)
	at org.apache.commons.dbcp.PoolingDataSource$PoolGuardConnectionWrapper.prepareStatement(PoolingDataSource.java:313)
	at org.springframework.jdbc.core.JdbcTemplate$SimplePreparedStatementCreator.createPreparedStatement(JdbcTemplate.java:1557)
	at org.springframework.jdbc.core.JdbcTemplate.execute(JdbcTemplate.java:615)
	... 22 common frames omitted
Caused by: java.sql.SQLSyntaxErrorException: Syntax error: Encountered "OFFSET" at line 1, column 52.
	at org.apache.derby.impl.jdbc.SQLExceptionFactory40.getSQLException(Unknown Source)
	at org.apache.derby.impl.jdbc.Util.generateCsSQLException(Unknown Source)
	at org.apache.derby.impl.jdbc.TransactionResourceImpl.wrapInSQLException(Unknown Source)
	at org.apache.derby.impl.jdbc.TransactionResourceImpl.handleException(Unknown Source)
	at org.apache.derby.impl.jdbc.EmbedConnection.handleException(Unknown Source)
	at org.apache.derby.impl.jdbc.ConnectionChild.handleException(Unknown Source)
	at org.apache.derby.impl.jdbc.EmbedPreparedStatement.<init>(Unknown Source)
	at org.apache.derby.impl.jdbc.EmbedPreparedStatement20.<init>(Unknown Source)
	at org.apache.derby.impl.jdbc.EmbedPreparedStatement30.<init>(Unknown Source)
	at org.apache.derby.impl.jdbc.EmbedPreparedStatement40.<init>(Unknown Source)
	at org.apache.derby.impl.jdbc.EmbedPreparedStatement42.<init>(Unknown Source)
	at org.apache.derby.jdbc.Driver42.newEmbedPreparedStatement(Unknown Source)
	at org.apache.derby.impl.jdbc.EmbedConnection.prepareStatement(Unknown Source)
	at org.apache.derby.impl.jdbc.EmbedConnection.prepareStatement(Unknown Source)
	at org.apache.commons.dbcp.PoolingConnection.makeObject(PoolingConnection.java:285)
	at org.apache.commons.pool.impl.GenericKeyedObjectPool.borrowObject(GenericKeyedObjectPool.java:1220)
	at org.apache.commons.dbcp.PoolingConnection.prepareStatement(PoolingConnection.java:107)
	... 26 common frames omitted
Caused by: org.apache.derby.impl.jdbc.EmbedSQLException: Syntax error: Encountered "OFFSET" at line 1, column 52.
	at org.apache.derby.impl.jdbc.SQLExceptionFactory.getSQLException(Unknown Source)
	at org.apache.derby.impl.jdbc.SQLExceptionFactory40.wrapArgsForTransportAcrossDRDA(Unknown Source)
	... 43 common frames omitted
Caused by: org.apache.derby.iapi.error.StandardException: Syntax error: Encountered "OFFSET" at line 1, column 52.
	at org.apache.derby.iapi.error.StandardException.newException(Unknown Source)
	at org.apache.derby.impl.sql.compile.ParserImpl.parseStatement(Unknown Source)
	at org.apache.derby.impl.sql.GenericStatement.prepMinion(Unknown Source)
	at org.apache.derby.impl.sql.GenericStatement.prepare(Unknown Source)
	at org.apache.derby.impl.sql.conn.GenericLanguageConnectionContext.prepareInternalStatement(Unknown Source)
	... 37 common frames omitted
2020-04-22 01:55:27,109 INFO [capacityManagement] start correct usage

2020-04-22 01:55:27,111 INFO [capacityManagement] end correct usage, cost: 0s

2020-04-22 01:55:27,389 WARN clearConfigHistory start

2020-04-22 01:55:27,393 WARN clearConfigHistory, getBeforeStamp:2020-03-23 01:55:27.0, totalCount:4, pageSize:1000, removeTime:1

2020-04-22 01:55:27,397 ERROR clearConfigHistory error

org.springframework.jdbc.UncategorizedSQLException: PreparedStatementCallback; uncategorized SQLException for SQL [delete from his_config_info where gmt_modified < ? OFFSET 0 ROWS FETCH NEXT ? ROWS ONLY]; SQL state [null]; error code [0]; Borrow prepareStatement from pool failed; nested exception is org.apache.commons.dbcp.SQLNestedException: Borrow prepareStatement from pool failed
	at org.springframework.jdbc.support.AbstractFallbackSQLExceptionTranslator.translate(AbstractFallbackSQLExceptionTranslator.java:89)
	at org.springframework.jdbc.support.AbstractFallbackSQLExceptionTranslator.translate(AbstractFallbackSQLExceptionTranslator.java:81)
	at org.springframework.jdbc.support.AbstractFallbackSQLExceptionTranslator.translate(AbstractFallbackSQLExceptionTranslator.java:81)
	at org.springframework.jdbc.core.JdbcTemplate.translateException(JdbcTemplate.java:1444)
	at org.springframework.jdbc.core.JdbcTemplate.execute(JdbcTemplate.java:632)
	at org.springframework.jdbc.core.JdbcTemplate.update(JdbcTemplate.java:862)
	at org.springframework.jdbc.core.JdbcTemplate.update(JdbcTemplate.java:917)
	at org.springframework.jdbc.core.JdbcTemplate.update(JdbcTemplate.java:927)
	at com.alibaba.nacos.config.server.utils.PaginationHelper.updateLimit(PaginationHelper.java:211)
	at com.alibaba.nacos.config.server.service.PersistService.removeConfigHistory(PersistService.java:934)
	at com.alibaba.nacos.config.server.service.PersistService$$FastClassBySpringCGLIB$$21ae4232.invoke(<generated>)
	at org.springframework.cglib.proxy.MethodProxy.invoke(MethodProxy.java:218)
	at org.springframework.aop.framework.CglibAopProxy$CglibMethodInvocation.invokeJoinpoint(CglibAopProxy.java:749)
	at org.springframework.aop.framework.ReflectiveMethodInvocation.proceed(ReflectiveMethodInvocation.java:163)
	at org.springframework.dao.support.PersistenceExceptionTranslationInterceptor.invoke(PersistenceExceptionTranslationInterceptor.java:139)
	at org.springframework.aop.framework.ReflectiveMethodInvocation.proceed(ReflectiveMethodInvocation.java:186)
	at org.springframework.aop.framework.CglibAopProxy$DynamicAdvisedInterceptor.intercept(CglibAopProxy.java:688)
	at com.alibaba.nacos.config.server.service.PersistService$$EnhancerBySpringCGLIB$$3559a4e7.removeConfigHistory(<generated>)
	at com.alibaba.nacos.config.server.service.dump.DumpService.lambda$init$2(DumpService.java:98)
	at com.alibaba.nacos.config.server.service.dump.DumpService$$Lambda$412/2131960182.run(Unknown Source)
	at java.util.concurrent.Executors$RunnableAdapter.call(Executors.java:511)
	at java.util.concurrent.FutureTask.runAndReset(FutureTask.java:308)
	at java.util.concurrent.ScheduledThreadPoolExecutor$ScheduledFutureTask.access$301(ScheduledThreadPoolExecutor.java:180)
	at java.util.concurrent.ScheduledThreadPoolExecutor$ScheduledFutureTask.run(ScheduledThreadPoolExecutor.java:294)
	at java.util.concurrent.ThreadPoolExecutor.runWorker(ThreadPoolExecutor.java:1142)
	at java.util.concurrent.ThreadPoolExecutor$Worker.run(ThreadPoolExecutor.java:617)
	at java.lang.Thread.run(Thread.java:745)
Caused by: org.apache.commons.dbcp.SQLNestedException: Borrow prepareStatement from pool failed
	at org.apache.commons.dbcp.PoolingConnection.prepareStatement(PoolingConnection.java:113)
	at org.apache.commons.dbcp.DelegatingConnection.prepareStatement(DelegatingConnection.java:281)
	at org.apache.commons.dbcp.PoolingDataSource$PoolGuardConnectionWrapper.prepareStatement(PoolingDataSource.java:313)
	at org.springframework.jdbc.core.JdbcTemplate$SimplePreparedStatementCreator.createPreparedStatement(JdbcTemplate.java:1557)
	at org.springframework.jdbc.core.JdbcTemplate.execute(JdbcTemplate.java:615)
	... 22 common frames omitted
Caused by: java.sql.SQLSyntaxErrorException: Syntax error: Encountered "OFFSET" at line 1, column 52.
	at org.apache.derby.impl.jdbc.SQLExceptionFactory40.getSQLException(Unknown Source)
	at org.apache.derby.impl.jdbc.Util.generateCsSQLException(Unknown Source)
	at org.apache.derby.impl.jdbc.TransactionResourceImpl.wrapInSQLException(Unknown Source)
	at org.apache.derby.impl.jdbc.TransactionResourceImpl.handleException(Unknown Source)
	at org.apache.derby.impl.jdbc.EmbedConnection.handleException(Unknown Source)
	at org.apache.derby.impl.jdbc.ConnectionChild.handleException(Unknown Source)
	at org.apache.derby.impl.jdbc.EmbedPreparedStatement.<init>(Unknown Source)
	at org.apache.derby.impl.jdbc.EmbedPreparedStatement20.<init>(Unknown Source)
	at org.apache.derby.impl.jdbc.EmbedPreparedStatement30.<init>(Unknown Source)
	at org.apache.derby.impl.jdbc.EmbedPreparedStatement40.<init>(Unknown Source)
	at org.apache.derby.impl.jdbc.EmbedPreparedStatement42.<init>(Unknown Source)
	at org.apache.derby.jdbc.Driver42.newEmbedPreparedStatement(Unknown Source)
	at org.apache.derby.impl.jdbc.EmbedConnection.prepareStatement(Unknown Source)
	at org.apache.derby.impl.jdbc.EmbedConnection.prepareStatement(Unknown Source)
	at org.apache.commons.dbcp.PoolingConnection.makeObject(PoolingConnection.java:285)
	at org.apache.commons.pool.impl.GenericKeyedObjectPool.borrowObject(GenericKeyedObjectPool.java:1220)
	at org.apache.commons.dbcp.PoolingConnection.prepareStatement(PoolingConnection.java:107)
	... 26 common frames omitted
Caused by: org.apache.derby.impl.jdbc.EmbedSQLException: Syntax error: Encountered "OFFSET" at line 1, column 52.
	at org.apache.derby.impl.jdbc.SQLExceptionFactory.getSQLException(Unknown Source)
	at org.apache.derby.impl.jdbc.SQLExceptionFactory40.wrapArgsForTransportAcrossDRDA(Unknown Source)
	... 43 common frames omitted
Caused by: org.apache.derby.iapi.error.StandardException: Syntax error: Encountered "OFFSET" at line 1, column 52.
	at org.apache.derby.iapi.error.StandardException.newException(Unknown Source)
	at org.apache.derby.impl.sql.compile.ParserImpl.parseStatement(Unknown Source)
	at org.apache.derby.impl.sql.GenericStatement.prepMinion(Unknown Source)
	at org.apache.derby.impl.sql.GenericStatement.prepare(Unknown Source)
	at org.apache.derby.impl.sql.conn.GenericLanguageConnectionContext.prepareInternalStatement(Unknown Source)
	... 37 common frames omitted
2020-04-22 16:59:45,387 INFO Starting Nacos v1.1.4 on ls with PID 10168 (D:\nacos\target\nacos-server.jar started by LENOVO in D:\nacos\bin)

2020-04-22 16:59:45,391 INFO The following profiles are active: standalone

2020-04-22 16:59:48,155 INFO Bean 'org.springframework.security.config.annotation.configuration.ObjectPostProcessorConfiguration' of type [org.springframework.security.config.annotation.configuration.ObjectPostProcessorConfiguration$$EnhancerBySpringCGLIB$$dd2e544d] is not eligible for getting processed by all BeanPostProcessors (for example: not eligible for auto-proxying)

2020-04-22 16:59:48,294 INFO Bean 'objectPostProcessor' of type [org.springframework.security.config.annotation.configuration.AutowireBeanFactoryObjectPostProcessor] is not eligible for getting processed by all BeanPostProcessors (for example: not eligible for auto-proxying)

2020-04-22 16:59:48,299 INFO Bean 'org.springframework.security.access.expression.method.DefaultMethodSecurityExpressionHandler@6d60fe40' of type [org.springframework.security.access.expression.method.DefaultMethodSecurityExpressionHandler] is not eligible for getting processed by all BeanPostProcessors (for example: not eligible for auto-proxying)

2020-04-22 16:59:48,300 INFO Bean 'org.springframework.security.config.annotation.method.configuration.GlobalMethodSecurityConfiguration' of type [org.springframework.security.config.annotation.method.configuration.GlobalMethodSecurityConfiguration$$EnhancerBySpringCGLIB$$202f6ff] is not eligible for getting processed by all BeanPostProcessors (for example: not eligible for auto-proxying)

2020-04-22 16:59:48,311 INFO Bean 'methodSecurityMetadataSource' of type [org.springframework.security.access.method.DelegatingMethodSecurityMetadataSource] is not eligible for getting processed by all BeanPostProcessors (for example: not eligible for auto-proxying)

2020-04-22 16:59:49,329 INFO Tomcat initialized with port(s): 8848 (http)

2020-04-22 16:59:49,363 INFO Starting service [Tomcat]

2020-04-22 16:59:49,363 INFO Starting Servlet Engine: Apache Tomcat/9.0.13

2020-04-22 16:59:49,379 INFO The APR based Apache Tomcat Native library which allows optimal performance in production environments was not found on the java.library.path: [C:\Windows\jdk1.8.0_45\bin;C:\WINDOWS\Sun\Java\bin;C:\WINDOWS\system32;C:\WINDOWS;C:\ProgramData\Oracle\Java\javapath;C:\Windows\system32;C:\Windows;C:\Windows\System32\Wbem;C:\Windows\System32\WindowsPowerShell\v1.0\;C:\Windows\System32\OpenSSH\;C:\Program Files (x86)\NVIDIA Corporation\PhysX\Common;C:\Program Files\NVIDIA Corporation\NVIDIA NvDLISR;C:\WINDOWS\system32;C:\WINDOWS;C:\WINDOWS\System32\Wbem;C:\WINDOWS\System32\WindowsPowerShell\v1.0\;C:\WINDOWS\System32\OpenSSH\;D:\Maven\apache-maven-3.6.1\bin;D:\gtihub+hexo\Git\cmd;D:\node\;C:\Users\LENOVO\AppData\Local\Microsoft\WindowsApps;C:\Users\LENOVO\AppData\Local\Programs\Microsoft VS Code\bin;C:\Users\LENOVO\AppData\Local\GitHubDesktop\bin;D:\D:\Maven\apache-maven-3.6.1\bin;D:\Microsoft VS Code\bin;C:\Program Files\MongoDB\Server\4.2\bin;D:\reids;D:\node\node_global;D:\apache-jmeter-5.2.1\bin;"%jmeter\lib\ext\ApacheJMeter_core.jar;%JMETER_HOME%\lib\jorphan.jar;%JMETER_HOME%\lib\logkit-2.0.jar";;.]

2020-04-22 16:59:49,916 INFO Initializing Spring embedded WebApplicationContext

2020-04-22 16:59:49,916 INFO Root WebApplicationContext: initialization completed in 4465 ms

2020-04-22 16:59:52,851 INFO Use Mysql as the driver

2020-04-22 16:59:53,995 INFO Initializing ExecutorService 'applicationTaskExecutor'

2020-04-22 16:59:54,996 INFO Adding welcome page: class path resource [static/index.html]

2020-04-22 16:59:55,671 INFO Creating filter chain: Ant [pattern='/'], []

2020-04-22 16:59:55,671 INFO Creating filter chain: Ant [pattern='/**/*.css'], []

2020-04-22 16:59:55,673 INFO Creating filter chain: Ant [pattern='/**/*.js'], []

2020-04-22 16:59:55,673 INFO Creating filter chain: Ant [pattern='/**/*.html'], []

2020-04-22 16:59:55,674 INFO Creating filter chain: Ant [pattern='/**/*.map'], []

2020-04-22 16:59:55,675 INFO Creating filter chain: Ant [pattern='/**/*.svg'], []

2020-04-22 16:59:55,676 INFO Creating filter chain: Ant [pattern='/**/*.png'], []

2020-04-22 16:59:55,676 INFO Creating filter chain: Ant [pattern='/**/*.ico'], []

2020-04-22 16:59:55,677 INFO Creating filter chain: Ant [pattern='/console-fe/public/**'], []

2020-04-22 16:59:55,677 INFO Creating filter chain: Ant [pattern='/v1/auth/login'], []

2020-04-22 16:59:55,678 INFO Creating filter chain: Ant [pattern='/v1/console/health/**'], []

2020-04-22 16:59:55,679 INFO Creating filter chain: Ant [pattern='/v1/cs/**'], []

2020-04-22 16:59:55,679 INFO Creating filter chain: Ant [pattern='/v1/ns/**'], []

2020-04-22 16:59:55,680 INFO Creating filter chain: Ant [pattern='/v1/cmdb/**'], []

2020-04-22 16:59:55,680 INFO Creating filter chain: Ant [pattern='/actuator/**'], []

2020-04-22 16:59:55,683 INFO Creating filter chain: Ant [pattern='/v1/console/server/**'], []

2020-04-22 16:59:55,744 INFO Creating filter chain: any request, [org.springframework.security.web.context.request.async.WebAsyncManagerIntegrationFilter@72cf2de5, org.springframework.security.web.context.SecurityContextPersistenceFilter@30bcf3c1, org.springframework.security.web.header.HeaderWriterFilter@45efc20d, org.springframework.security.web.authentication.logout.LogoutFilter@792bbc74, com.alibaba.nacos.console.filter.JwtAuthenticationTokenFilter@2bb7bd00, org.springframework.security.web.savedrequest.RequestCacheAwareFilter@15cafec7, org.springframework.security.web.servletapi.SecurityContextHolderAwareRequestFilter@42f48531, org.springframework.security.web.authentication.AnonymousAuthenticationFilter@5f031ebd, org.springframework.security.web.session.SessionManagementFilter@67ab1c47, org.springframework.security.web.access.ExceptionTranslationFilter@75459c75, org.springframework.security.web.access.intercept.FilterSecurityInterceptor@58359ebd]

2020-04-22 16:59:55,938 INFO Exposing 2 endpoint(s) beneath base path '/actuator'

2020-04-22 16:59:56,020 INFO Initializing ExecutorService 'taskScheduler'

2020-04-22 16:59:56,228 INFO Tomcat started on port(s): 8848 (http) with context path '/nacos'

2020-04-22 16:59:56,240 INFO Started Nacos in 12.063 seconds (JVM running for 12.9)

2020-04-22 16:59:56,241 INFO Nacos Log files: D:\nacos/logs/

2020-04-22 16:59:56,241 INFO Nacos Conf files: D:\nacos/conf/

2020-04-22 16:59:56,242 INFO Nacos Data files: D:\nacos/data/

2020-04-22 16:59:56,243 INFO Nacos started successfully in stand alone mode.

2020-04-22 16:59:58,135 INFO Initializing Spring DispatcherServlet 'dispatcherServlet'

2020-04-22 16:59:58,136 INFO Initializing Servlet 'dispatcherServlet'

2020-04-22 16:59:58,170 INFO Completed initialization in 34 ms

2020-04-22 17:00:26,909 INFO Expired JWT token.

2020-04-22 17:00:26,951 ERROR Responding with unauthorized error. Message - Full authentication is required to access this resource

2020-04-22 17:09:52,189 INFO [capacityManagement] start correct usage

2020-04-22 17:09:52,248 INFO [capacityManagement] end correct usage, cost: 0s

2020-04-22 17:09:52,386 WARN clearConfigHistory start

2020-04-22 17:09:52,407 WARN clearConfigHistory, getBeforeStamp:2020-03-23 17:09:52.0, totalCount:4, pageSize:1000, removeTime:1

2020-04-22 17:09:52,551 ERROR clearConfigHistory error

org.springframework.jdbc.UncategorizedSQLException: PreparedStatementCallback; uncategorized SQLException for SQL [delete from his_config_info where gmt_modified < ? OFFSET 0 ROWS FETCH NEXT ? ROWS ONLY]; SQL state [null]; error code [0]; Borrow prepareStatement from pool failed; nested exception is org.apache.commons.dbcp.SQLNestedException: Borrow prepareStatement from pool failed
	at org.springframework.jdbc.support.AbstractFallbackSQLExceptionTranslator.translate(AbstractFallbackSQLExceptionTranslator.java:89)
	at org.springframework.jdbc.support.AbstractFallbackSQLExceptionTranslator.translate(AbstractFallbackSQLExceptionTranslator.java:81)
	at org.springframework.jdbc.support.AbstractFallbackSQLExceptionTranslator.translate(AbstractFallbackSQLExceptionTranslator.java:81)
	at org.springframework.jdbc.core.JdbcTemplate.translateException(JdbcTemplate.java:1444)
	at org.springframework.jdbc.core.JdbcTemplate.execute(JdbcTemplate.java:632)
	at org.springframework.jdbc.core.JdbcTemplate.update(JdbcTemplate.java:862)
	at org.springframework.jdbc.core.JdbcTemplate.update(JdbcTemplate.java:917)
	at org.springframework.jdbc.core.JdbcTemplate.update(JdbcTemplate.java:927)
	at com.alibaba.nacos.config.server.utils.PaginationHelper.updateLimit(PaginationHelper.java:211)
	at com.alibaba.nacos.config.server.service.PersistService.removeConfigHistory(PersistService.java:934)
	at com.alibaba.nacos.config.server.service.PersistService$$FastClassBySpringCGLIB$$21ae4232.invoke(<generated>)
	at org.springframework.cglib.proxy.MethodProxy.invoke(MethodProxy.java:218)
	at org.springframework.aop.framework.CglibAopProxy$CglibMethodInvocation.invokeJoinpoint(CglibAopProxy.java:749)
	at org.springframework.aop.framework.ReflectiveMethodInvocation.proceed(ReflectiveMethodInvocation.java:163)
	at org.springframework.dao.support.PersistenceExceptionTranslationInterceptor.invoke(PersistenceExceptionTranslationInterceptor.java:139)
	at org.springframework.aop.framework.ReflectiveMethodInvocation.proceed(ReflectiveMethodInvocation.java:186)
	at org.springframework.aop.framework.CglibAopProxy$DynamicAdvisedInterceptor.intercept(CglibAopProxy.java:688)
	at com.alibaba.nacos.config.server.service.PersistService$$EnhancerBySpringCGLIB$$42f0dc86.removeConfigHistory(<generated>)
	at com.alibaba.nacos.config.server.service.dump.DumpService.lambda$init$2(DumpService.java:98)
	at com.alibaba.nacos.config.server.service.dump.DumpService$$Lambda$412/2099051403.run(Unknown Source)
	at java.util.concurrent.Executors$RunnableAdapter.call(Executors.java:511)
	at java.util.concurrent.FutureTask.runAndReset(FutureTask.java:308)
	at java.util.concurrent.ScheduledThreadPoolExecutor$ScheduledFutureTask.access$301(ScheduledThreadPoolExecutor.java:180)
	at java.util.concurrent.ScheduledThreadPoolExecutor$ScheduledFutureTask.run(ScheduledThreadPoolExecutor.java:294)
	at java.util.concurrent.ThreadPoolExecutor.runWorker(ThreadPoolExecutor.java:1142)
	at java.util.concurrent.ThreadPoolExecutor$Worker.run(ThreadPoolExecutor.java:617)
	at java.lang.Thread.run(Thread.java:745)
Caused by: org.apache.commons.dbcp.SQLNestedException: Borrow prepareStatement from pool failed
	at org.apache.commons.dbcp.PoolingConnection.prepareStatement(PoolingConnection.java:113)
	at org.apache.commons.dbcp.DelegatingConnection.prepareStatement(DelegatingConnection.java:281)
	at org.apache.commons.dbcp.PoolingDataSource$PoolGuardConnectionWrapper.prepareStatement(PoolingDataSource.java:313)
	at org.springframework.jdbc.core.JdbcTemplate$SimplePreparedStatementCreator.createPreparedStatement(JdbcTemplate.java:1557)
	at org.springframework.jdbc.core.JdbcTemplate.execute(JdbcTemplate.java:615)
	... 22 common frames omitted
Caused by: java.sql.SQLSyntaxErrorException: Syntax error: Encountered "OFFSET" at line 1, column 52.
	at org.apache.derby.impl.jdbc.SQLExceptionFactory40.getSQLException(Unknown Source)
	at org.apache.derby.impl.jdbc.Util.generateCsSQLException(Unknown Source)
	at org.apache.derby.impl.jdbc.TransactionResourceImpl.wrapInSQLException(Unknown Source)
	at org.apache.derby.impl.jdbc.TransactionResourceImpl.handleException(Unknown Source)
	at org.apache.derby.impl.jdbc.EmbedConnection.handleException(Unknown Source)
	at org.apache.derby.impl.jdbc.ConnectionChild.handleException(Unknown Source)
	at org.apache.derby.impl.jdbc.EmbedPreparedStatement.<init>(Unknown Source)
	at org.apache.derby.impl.jdbc.EmbedPreparedStatement20.<init>(Unknown Source)
	at org.apache.derby.impl.jdbc.EmbedPreparedStatement30.<init>(Unknown Source)
	at org.apache.derby.impl.jdbc.EmbedPreparedStatement40.<init>(Unknown Source)
	at org.apache.derby.impl.jdbc.EmbedPreparedStatement42.<init>(Unknown Source)
	at org.apache.derby.jdbc.Driver42.newEmbedPreparedStatement(Unknown Source)
	at org.apache.derby.impl.jdbc.EmbedConnection.prepareStatement(Unknown Source)
	at org.apache.derby.impl.jdbc.EmbedConnection.prepareStatement(Unknown Source)
	at org.apache.commons.dbcp.PoolingConnection.makeObject(PoolingConnection.java:285)
	at org.apache.commons.pool.impl.GenericKeyedObjectPool.borrowObject(GenericKeyedObjectPool.java:1220)
	at org.apache.commons.dbcp.PoolingConnection.prepareStatement(PoolingConnection.java:107)
	... 26 common frames omitted
Caused by: org.apache.derby.impl.jdbc.EmbedSQLException: Syntax error: Encountered "OFFSET" at line 1, column 52.
	at org.apache.derby.impl.jdbc.SQLExceptionFactory.getSQLException(Unknown Source)
	at org.apache.derby.impl.jdbc.SQLExceptionFactory40.wrapArgsForTransportAcrossDRDA(Unknown Source)
	... 43 common frames omitted
Caused by: org.apache.derby.iapi.error.StandardException: Syntax error: Encountered "OFFSET" at line 1, column 52.
	at org.apache.derby.iapi.error.StandardException.newException(Unknown Source)
	at org.apache.derby.impl.sql.compile.ParserImpl.parseStatement(Unknown Source)
	at org.apache.derby.impl.sql.GenericStatement.prepMinion(Unknown Source)
	at org.apache.derby.impl.sql.GenericStatement.prepare(Unknown Source)
	at org.apache.derby.impl.sql.conn.GenericLanguageConnectionContext.prepareInternalStatement(Unknown Source)
	... 37 common frames omitted
2020-04-22 17:19:52,266 INFO [capacityManagement] start correct usage

2020-04-22 17:19:52,278 INFO [capacityManagement] end correct usage, cost: 0s

2020-04-22 17:19:52,583 WARN clearConfigHistory start

2020-04-22 17:19:52,587 WARN clearConfigHistory, getBeforeStamp:2020-03-23 17:19:52.0, totalCount:4, pageSize:1000, removeTime:1

2020-04-22 17:19:52,595 ERROR clearConfigHistory error

org.springframework.jdbc.UncategorizedSQLException: PreparedStatementCallback; uncategorized SQLException for SQL [delete from his_config_info where gmt_modified < ? OFFSET 0 ROWS FETCH NEXT ? ROWS ONLY]; SQL state [null]; error code [0]; Borrow prepareStatement from pool failed; nested exception is org.apache.commons.dbcp.SQLNestedException: Borrow prepareStatement from pool failed
	at org.springframework.jdbc.support.AbstractFallbackSQLExceptionTranslator.translate(AbstractFallbackSQLExceptionTranslator.java:89)
	at org.springframework.jdbc.support.AbstractFallbackSQLExceptionTranslator.translate(AbstractFallbackSQLExceptionTranslator.java:81)
	at org.springframework.jdbc.support.AbstractFallbackSQLExceptionTranslator.translate(AbstractFallbackSQLExceptionTranslator.java:81)
	at org.springframework.jdbc.core.JdbcTemplate.translateException(JdbcTemplate.java:1444)
	at org.springframework.jdbc.core.JdbcTemplate.execute(JdbcTemplate.java:632)
	at org.springframework.jdbc.core.JdbcTemplate.update(JdbcTemplate.java:862)
	at org.springframework.jdbc.core.JdbcTemplate.update(JdbcTemplate.java:917)
	at org.springframework.jdbc.core.JdbcTemplate.update(JdbcTemplate.java:927)
	at com.alibaba.nacos.config.server.utils.PaginationHelper.updateLimit(PaginationHelper.java:211)
	at com.alibaba.nacos.config.server.service.PersistService.removeConfigHistory(PersistService.java:934)
	at com.alibaba.nacos.config.server.service.PersistService$$FastClassBySpringCGLIB$$21ae4232.invoke(<generated>)
	at org.springframework.cglib.proxy.MethodProxy.invoke(MethodProxy.java:218)
	at org.springframework.aop.framework.CglibAopProxy$CglibMethodInvocation.invokeJoinpoint(CglibAopProxy.java:749)
	at org.springframework.aop.framework.ReflectiveMethodInvocation.proceed(ReflectiveMethodInvocation.java:163)
	at org.springframework.dao.support.PersistenceExceptionTranslationInterceptor.invoke(PersistenceExceptionTranslationInterceptor.java:139)
	at org.springframework.aop.framework.ReflectiveMethodInvocation.proceed(ReflectiveMethodInvocation.java:186)
	at org.springframework.aop.framework.CglibAopProxy$DynamicAdvisedInterceptor.intercept(CglibAopProxy.java:688)
	at com.alibaba.nacos.config.server.service.PersistService$$EnhancerBySpringCGLIB$$42f0dc86.removeConfigHistory(<generated>)
	at com.alibaba.nacos.config.server.service.dump.DumpService.lambda$init$2(DumpService.java:98)
	at com.alibaba.nacos.config.server.service.dump.DumpService$$Lambda$412/2099051403.run(Unknown Source)
	at java.util.concurrent.Executors$RunnableAdapter.call(Executors.java:511)
	at java.util.concurrent.FutureTask.runAndReset(FutureTask.java:308)
	at java.util.concurrent.ScheduledThreadPoolExecutor$ScheduledFutureTask.access$301(ScheduledThreadPoolExecutor.java:180)
	at java.util.concurrent.ScheduledThreadPoolExecutor$ScheduledFutureTask.run(ScheduledThreadPoolExecutor.java:294)
	at java.util.concurrent.ThreadPoolExecutor.runWorker(ThreadPoolExecutor.java:1142)
	at java.util.concurrent.ThreadPoolExecutor$Worker.run(ThreadPoolExecutor.java:617)
	at java.lang.Thread.run(Thread.java:745)
Caused by: org.apache.commons.dbcp.SQLNestedException: Borrow prepareStatement from pool failed
	at org.apache.commons.dbcp.PoolingConnection.prepareStatement(PoolingConnection.java:113)
	at org.apache.commons.dbcp.DelegatingConnection.prepareStatement(DelegatingConnection.java:281)
	at org.apache.commons.dbcp.PoolingDataSource$PoolGuardConnectionWrapper.prepareStatement(PoolingDataSource.java:313)
	at org.springframework.jdbc.core.JdbcTemplate$SimplePreparedStatementCreator.createPreparedStatement(JdbcTemplate.java:1557)
	at org.springframework.jdbc.core.JdbcTemplate.execute(JdbcTemplate.java:615)
	... 22 common frames omitted
Caused by: java.sql.SQLSyntaxErrorException: Syntax error: Encountered "OFFSET" at line 1, column 52.
	at org.apache.derby.impl.jdbc.SQLExceptionFactory40.getSQLException(Unknown Source)
	at org.apache.derby.impl.jdbc.Util.generateCsSQLException(Unknown Source)
	at org.apache.derby.impl.jdbc.TransactionResourceImpl.wrapInSQLException(Unknown Source)
	at org.apache.derby.impl.jdbc.TransactionResourceImpl.handleException(Unknown Source)
	at org.apache.derby.impl.jdbc.EmbedConnection.handleException(Unknown Source)
	at org.apache.derby.impl.jdbc.ConnectionChild.handleException(Unknown Source)
	at org.apache.derby.impl.jdbc.EmbedPreparedStatement.<init>(Unknown Source)
	at org.apache.derby.impl.jdbc.EmbedPreparedStatement20.<init>(Unknown Source)
	at org.apache.derby.impl.jdbc.EmbedPreparedStatement30.<init>(Unknown Source)
	at org.apache.derby.impl.jdbc.EmbedPreparedStatement40.<init>(Unknown Source)
	at org.apache.derby.impl.jdbc.EmbedPreparedStatement42.<init>(Unknown Source)
	at org.apache.derby.jdbc.Driver42.newEmbedPreparedStatement(Unknown Source)
	at org.apache.derby.impl.jdbc.EmbedConnection.prepareStatement(Unknown Source)
	at org.apache.derby.impl.jdbc.EmbedConnection.prepareStatement(Unknown Source)
	at org.apache.commons.dbcp.PoolingConnection.makeObject(PoolingConnection.java:285)
	at org.apache.commons.pool.impl.GenericKeyedObjectPool.borrowObject(GenericKeyedObjectPool.java:1220)
	at org.apache.commons.dbcp.PoolingConnection.prepareStatement(PoolingConnection.java:107)
	... 26 common frames omitted
Caused by: org.apache.derby.impl.jdbc.EmbedSQLException: Syntax error: Encountered "OFFSET" at line 1, column 52.
	at org.apache.derby.impl.jdbc.SQLExceptionFactory.getSQLException(Unknown Source)
	at org.apache.derby.impl.jdbc.SQLExceptionFactory40.wrapArgsForTransportAcrossDRDA(Unknown Source)
	... 43 common frames omitted
Caused by: org.apache.derby.iapi.error.StandardException: Syntax error: Encountered "OFFSET" at line 1, column 52.
	at org.apache.derby.iapi.error.StandardException.newException(Unknown Source)
	at org.apache.derby.impl.sql.compile.ParserImpl.parseStatement(Unknown Source)
	at org.apache.derby.impl.sql.GenericStatement.prepMinion(Unknown Source)
	at org.apache.derby.impl.sql.GenericStatement.prepare(Unknown Source)
	at org.apache.derby.impl.sql.conn.GenericLanguageConnectionContext.prepareInternalStatement(Unknown Source)
	... 37 common frames omitted
2020-04-22 17:29:52,280 INFO [capacityManagement] start correct usage

2020-04-22 17:29:52,327 INFO [capacityManagement] end correct usage, cost: 0s

2020-04-22 17:29:52,598 WARN clearConfigHistory start

2020-04-22 17:29:52,607 WARN clearConfigHistory, getBeforeStamp:2020-03-23 17:29:52.0, totalCount:4, pageSize:1000, removeTime:1

2020-04-22 17:29:52,615 ERROR clearConfigHistory error

org.springframework.jdbc.UncategorizedSQLException: PreparedStatementCallback; uncategorized SQLException for SQL [delete from his_config_info where gmt_modified < ? OFFSET 0 ROWS FETCH NEXT ? ROWS ONLY]; SQL state [null]; error code [0]; Borrow prepareStatement from pool failed; nested exception is org.apache.commons.dbcp.SQLNestedException: Borrow prepareStatement from pool failed
	at org.springframework.jdbc.support.AbstractFallbackSQLExceptionTranslator.translate(AbstractFallbackSQLExceptionTranslator.java:89)
	at org.springframework.jdbc.support.AbstractFallbackSQLExceptionTranslator.translate(AbstractFallbackSQLExceptionTranslator.java:81)
	at org.springframework.jdbc.support.AbstractFallbackSQLExceptionTranslator.translate(AbstractFallbackSQLExceptionTranslator.java:81)
	at org.springframework.jdbc.core.JdbcTemplate.translateException(JdbcTemplate.java:1444)
	at org.springframework.jdbc.core.JdbcTemplate.execute(JdbcTemplate.java:632)
	at org.springframework.jdbc.core.JdbcTemplate.update(JdbcTemplate.java:862)
	at org.springframework.jdbc.core.JdbcTemplate.update(JdbcTemplate.java:917)
	at org.springframework.jdbc.core.JdbcTemplate.update(JdbcTemplate.java:927)
	at com.alibaba.nacos.config.server.utils.PaginationHelper.updateLimit(PaginationHelper.java:211)
	at com.alibaba.nacos.config.server.service.PersistService.removeConfigHistory(PersistService.java:934)
	at com.alibaba.nacos.config.server.service.PersistService$$FastClassBySpringCGLIB$$21ae4232.invoke(<generated>)
	at org.springframework.cglib.proxy.MethodProxy.invoke(MethodProxy.java:218)
	at org.springframework.aop.framework.CglibAopProxy$CglibMethodInvocation.invokeJoinpoint(CglibAopProxy.java:749)
	at org.springframework.aop.framework.ReflectiveMethodInvocation.proceed(ReflectiveMethodInvocation.java:163)
	at org.springframework.dao.support.PersistenceExceptionTranslationInterceptor.invoke(PersistenceExceptionTranslationInterceptor.java:139)
	at org.springframework.aop.framework.ReflectiveMethodInvocation.proceed(ReflectiveMethodInvocation.java:186)
	at org.springframework.aop.framework.CglibAopProxy$DynamicAdvisedInterceptor.intercept(CglibAopProxy.java:688)
	at com.alibaba.nacos.config.server.service.PersistService$$EnhancerBySpringCGLIB$$42f0dc86.removeConfigHistory(<generated>)
	at com.alibaba.nacos.config.server.service.dump.DumpService.lambda$init$2(DumpService.java:98)
	at com.alibaba.nacos.config.server.service.dump.DumpService$$Lambda$412/2099051403.run(Unknown Source)
	at java.util.concurrent.Executors$RunnableAdapter.call(Executors.java:511)
	at java.util.concurrent.FutureTask.runAndReset(FutureTask.java:308)
	at java.util.concurrent.ScheduledThreadPoolExecutor$ScheduledFutureTask.access$301(ScheduledThreadPoolExecutor.java:180)
	at java.util.concurrent.ScheduledThreadPoolExecutor$ScheduledFutureTask.run(ScheduledThreadPoolExecutor.java:294)
	at java.util.concurrent.ThreadPoolExecutor.runWorker(ThreadPoolExecutor.java:1142)
	at java.util.concurrent.ThreadPoolExecutor$Worker.run(ThreadPoolExecutor.java:617)
	at java.lang.Thread.run(Thread.java:745)
Caused by: org.apache.commons.dbcp.SQLNestedException: Borrow prepareStatement from pool failed
	at org.apache.commons.dbcp.PoolingConnection.prepareStatement(PoolingConnection.java:113)
	at org.apache.commons.dbcp.DelegatingConnection.prepareStatement(DelegatingConnection.java:281)
	at org.apache.commons.dbcp.PoolingDataSource$PoolGuardConnectionWrapper.prepareStatement(PoolingDataSource.java:313)
	at org.springframework.jdbc.core.JdbcTemplate$SimplePreparedStatementCreator.createPreparedStatement(JdbcTemplate.java:1557)
	at org.springframework.jdbc.core.JdbcTemplate.execute(JdbcTemplate.java:615)
	... 22 common frames omitted
Caused by: java.sql.SQLSyntaxErrorException: Syntax error: Encountered "OFFSET" at line 1, column 52.
	at org.apache.derby.impl.jdbc.SQLExceptionFactory40.getSQLException(Unknown Source)
	at org.apache.derby.impl.jdbc.Util.generateCsSQLException(Unknown Source)
	at org.apache.derby.impl.jdbc.TransactionResourceImpl.wrapInSQLException(Unknown Source)
	at org.apache.derby.impl.jdbc.TransactionResourceImpl.handleException(Unknown Source)
	at org.apache.derby.impl.jdbc.EmbedConnection.handleException(Unknown Source)
	at org.apache.derby.impl.jdbc.ConnectionChild.handleException(Unknown Source)
	at org.apache.derby.impl.jdbc.EmbedPreparedStatement.<init>(Unknown Source)
	at org.apache.derby.impl.jdbc.EmbedPreparedStatement20.<init>(Unknown Source)
	at org.apache.derby.impl.jdbc.EmbedPreparedStatement30.<init>(Unknown Source)
	at org.apache.derby.impl.jdbc.EmbedPreparedStatement40.<init>(Unknown Source)
	at org.apache.derby.impl.jdbc.EmbedPreparedStatement42.<init>(Unknown Source)
	at org.apache.derby.jdbc.Driver42.newEmbedPreparedStatement(Unknown Source)
	at org.apache.derby.impl.jdbc.EmbedConnection.prepareStatement(Unknown Source)
	at org.apache.derby.impl.jdbc.EmbedConnection.prepareStatement(Unknown Source)
	at org.apache.commons.dbcp.PoolingConnection.makeObject(PoolingConnection.java:285)
	at org.apache.commons.pool.impl.GenericKeyedObjectPool.borrowObject(GenericKeyedObjectPool.java:1220)
	at org.apache.commons.dbcp.PoolingConnection.prepareStatement(PoolingConnection.java:107)
	... 26 common frames omitted
Caused by: org.apache.derby.impl.jdbc.EmbedSQLException: Syntax error: Encountered "OFFSET" at line 1, column 52.
	at org.apache.derby.impl.jdbc.SQLExceptionFactory.getSQLException(Unknown Source)
	at org.apache.derby.impl.jdbc.SQLExceptionFactory40.wrapArgsForTransportAcrossDRDA(Unknown Source)
	... 43 common frames omitted
Caused by: org.apache.derby.iapi.error.StandardException: Syntax error: Encountered "OFFSET" at line 1, column 52.
	at org.apache.derby.iapi.error.StandardException.newException(Unknown Source)
	at org.apache.derby.impl.sql.compile.ParserImpl.parseStatement(Unknown Source)
	at org.apache.derby.impl.sql.GenericStatement.prepMinion(Unknown Source)
	at org.apache.derby.impl.sql.GenericStatement.prepare(Unknown Source)
	at org.apache.derby.impl.sql.conn.GenericLanguageConnectionContext.prepareInternalStatement(Unknown Source)
	... 37 common frames omitted
